<?xml version="1.0" encoding="UTF-8"?>
<testng-results ignored="0" total="2" passed="1" failed="1" skipped="0">
  <reporter-output>
  </reporter-output>
  <suite started-at="2023-04-17T22:31:30 IST" name="Suite" finished-at="2023-04-17T22:31:45 IST" duration-ms="15018">
    <groups>
    </groups>
    <test started-at="2023-04-17T22:31:30 IST" name="Test" finished-at="2023-04-17T22:31:45 IST" duration-ms="15018">
      <class name="com.Test.LetsCode">
        <test-method is-config="true" signature="setExtent()[pri:0, instance:com.Test.LetsCode@be35cd9]" started-at="2023-04-17T22:31:30 IST" name="setExtent" finished-at="2023-04-17T22:31:30 IST" duration-ms="128" status="PASS">
          <reporter-output>
          </reporter-output>
        </test-method> <!-- setExtent -->
        <test-method is-config="true" signature="setup()[pri:0, instance:com.Test.LetsCode@be35cd9]" started-at="2023-04-17T22:31:30 IST" name="setup" finished-at="2023-04-17T22:31:35 IST" duration-ms="5264" status="PASS">
          <reporter-output>
          </reporter-output>
        </test-method> <!-- setup -->
        <test-method signature="Beforelogin()[pri:0, instance:com.Test.LetsCode@be35cd9]" started-at="2023-04-17T22:31:35 IST" name="Beforelogin" finished-at="2023-04-17T22:31:40 IST" duration-ms="5065" status="PASS">
          <reporter-output>
          </reporter-output>
        </test-method> <!-- Beforelogin -->
        <test-method is-config="true" signature="tearDown(org.testng.ITestResult)[pri:0, instance:com.Test.LetsCode@be35cd9]" started-at="2023-04-17T22:31:40 IST" name="tearDown" finished-at="2023-04-17T22:31:40 IST" duration-ms="83" status="PASS">
          <params>
            <param index="0">
              <value>
                <![CDATA[[TestResult name=Beforelogin status=SUCCESS method=LetsCode.Beforelogin()[pri:0, instance:com.Test.LetsCode@be35cd9] output={null}]]]>
              </value>
            </param>
          </params>
          <reporter-output>
          </reporter-output>
        </test-method> <!-- tearDown -->
        <test-method is-config="true" signature="setup()[pri:0, instance:com.Test.LetsCode@be35cd9]" started-at="2023-04-17T22:31:40 IST" name="setup" finished-at="2023-04-17T22:31:44 IST" duration-ms="3869" status="PASS">
          <reporter-output>
          </reporter-output>
        </test-method> <!-- setup -->
        <test-method signature="login()[pri:1, instance:com.Test.LetsCode@be35cd9]" started-at="2023-04-17T22:31:44 IST" name="login" finished-at="2023-04-17T22:31:44 IST" duration-ms="366" status="FAIL">
          <exception class="java.lang.AssertionError">
            <message>
              <![CDATA[expected [LetCod with Koushik] but found [LetCode with Koushik]]]>
            </message>
            <full-stacktrace>
              <![CDATA[java.lang.AssertionError: expected [LetCod with Koushik] but found [LetCode with Koushik]
at org.testng.Assert.fail(Assert.java:97)
at org.testng.Assert.assertEqualsImpl(Assert.java:136)
at org.testng.Assert.assertEquals(Assert.java:118)
at org.testng.Assert.assertEquals(Assert.java:575)
at org.testng.Assert.assertEquals(Assert.java:585)
at com.Test.LetsCode.login(LetsCode.java:51)
at java.base/jdk.internal.reflect.NativeMethodAccessorImpl.invoke0(Native Method)
at java.base/jdk.internal.reflect.NativeMethodAccessorImpl.invoke(NativeMethodAccessorImpl.java:78)
at java.base/jdk.internal.reflect.DelegatingMethodAccessorImpl.invoke(DelegatingMethodAccessorImpl.java:43)
at java.base/java.lang.reflect.Method.invoke(Method.java:567)
at org.testng.internal.MethodInvocationHelper.invokeMethod(MethodInvocationHelper.java:134)
at org.testng.internal.TestInvoker.invokeMethod(TestInvoker.java:597)
at org.testng.internal.TestInvoker.invokeTestMethod(TestInvoker.java:173)
at org.testng.internal.MethodRunner.runInSequence(MethodRunner.java:46)
at org.testng.internal.TestInvoker$MethodInvocationAgent.invoke(TestInvoker.java:816)
at org.testng.internal.TestInvoker.invokeTestMethods(TestInvoker.java:146)
at org.testng.internal.TestMethodWorker.invokeTestMethods(TestMethodWorker.java:146)
at org.testng.internal.TestMethodWorker.run(TestMethodWorker.java:128)
at java.base/java.util.ArrayList.forEach(ArrayList.java:1511)
at org.testng.TestRunner.privateRun(TestRunner.java:766)
at org.testng.TestRunner.run(TestRunner.java:587)
at org.testng.SuiteRunner.runTest(SuiteRunner.java:384)
at org.testng.SuiteRunner.runSequentially(SuiteRunner.java:378)
at org.testng.SuiteRunner.privateRun(SuiteRunner.java:337)
at org.testng.SuiteRunner.run(SuiteRunner.java:286)
at org.testng.SuiteRunnerWorker.runSuite(SuiteRunnerWorker.java:53)
at org.testng.SuiteRunnerWorker.run(SuiteRunnerWorker.java:96)
at org.testng.TestNG.runSuitesSequentially(TestNG.java:1187)
at org.testng.TestNG.runSuitesLocally(TestNG.java:1109)
at org.testng.TestNG.runSuites(TestNG.java:1039)
at org.testng.TestNG.run(TestNG.java:1007)
at org.testng.remote.AbstractRemoteTestNG.run(AbstractRemoteTestNG.java:115)
at org.testng.remote.RemoteTestNG.initAndRun(RemoteTestNG.java:251)
at org.testng.remote.RemoteTestNG.main(RemoteTestNG.java:77)
]]>
            </full-stacktrace>
          </exception> <!-- java.lang.AssertionError -->
          <reporter-output>
          </reporter-output>
        </test-method> <!-- login -->
        <test-method is-config="true" signature="tearDown(org.testng.ITestResult)[pri:0, instance:com.Test.LetsCode@be35cd9]" started-at="2023-04-17T22:31:45 IST" name="tearDown" finished-at="2023-04-17T22:31:45 IST" duration-ms="80" status="PASS">
          <params>
            <param index="0">
              <value>
                <![CDATA[[TestResult name=login status=FAILURE method=LetsCode.login()[pri:1, instance:com.Test.LetsCode@be35cd9] output={null}]]]>
              </value>
            </param>
          </params>
          <reporter-output>
          </reporter-output>
        </test-method> <!-- tearDown -->
        <test-method is-config="true" signature="AfterSuite()[pri:0, instance:com.Test.LetsCode@be35cd9]" started-at="2023-04-17T22:31:45 IST" name="AfterSuite" finished-at="2023-04-17T22:31:45 IST" duration-ms="190" status="PASS">
          <reporter-output>
          </reporter-output>
        </test-method> <!-- AfterSuite -->
      </class> <!-- com.Test.LetsCode -->
    </test> <!-- Test -->
  </suite> <!-- Suite -->
</testng-results>
